  Assembling spoof.asm...
  stdafx.cpp
  CrossMapping.cpp
  Car.cpp
  Gun.cpp
  Local.cpp
  MenuFunctions.cpp
  Misc.cpp
  Online.cpp
  Other.cpp
  Hooking.cpp
  InputHook.cpp
  keyboard.cpp
  Memory.cpp
  UserInterface.cpp
  NativeInvoker.cpp
  Script.cpp
  Generating Code...
  dllmain.cpp
  libMinHook-x64-v141-md.lib(hook.obj) : MSIL .netmodule or module compiled with /GL found; restarting link with /LTCG; add /LTCG to the link command line to improve linker performance
LINK : warning LNK4075: ignoring '/INCREMENTAL' due to '/LTCG' specification
LINK : warning LNK4098: defaultlib 'MSVCRT' conflicts with use of other libs; use /NODEFAULTLIB:library
  Generating code
  Finished generating code
  SudoMod.vcxproj -> C:\Users\there\source\repos\SudoMod\Build\Debug\SudoMod.dll
